<?xml version="1.0" encoding="UTF-8"?>
<!-- Generated by org.testng.reporters.JUnitXMLReporter -->
<testsuite hostname="KSAKINAL-L-505" name="Default test" tests="5" failures="0" timestamp="4 Apr 2017 08:25:19 GMT" time="85.089" errors="0">
  <testcase name="assertions" time="1.659" classname="sMaps.POC"/>
  <testcase name="menuAssertions" time="4.307" classname="sMaps.POC"/>
  <testcase name="search" time="30.034" classname="sMaps.POC"/>
  <testcase name="verifyPointsOfInterestPass" time="10.482" classname="sMaps.POC"/>
  <testcase name="verifyPointsOfInterestFail" time="21.82" classname="sMaps.POC"/>
</testsuite> <!-- Default test -->
