<?xml version="1.0" encoding="UTF-8"?>
<!-- Generated by org.testng.reporters.JUnitXMLReporter -->
<testsuite hostname="KSAKINAL-L-505" name="Test" tests="5" failures="1" timestamp="4 Apr 2017 12:50:22 GMT" time="88.494" errors="0">
  <testcase name="mapFieldsAssertions" time="1.498" classname="sMaps.POC"/>
  <testcase name="menuAssertions" time="3.664" classname="sMaps.POC"/>
  <testcase name="searchBuilding" time="19.803" classname="sMaps.POC"/>
  <testcase name="verifyPointsOfInterestPass" time="30.143" classname="sMaps.POC"/>
  <testcase name="verifyPointsOfInterestFail" time="17.378" classname="sMaps.POC">
    <failure type="java.lang.AssertionError" message="Images are Same expected [false] but found [true]">
      <![CDATA[java.lang.AssertionError: Images are Same expected [false] but found [true]
	at sMaps.POC.verifyPointsOfInterestFail(POC.java:274)
... Removed 28 stack frames]]>
    </failure>
  </testcase> <!-- verifyPointsOfInterestFail -->
</testsuite> <!-- Test -->
