<?xml version="1.0" encoding="UTF-8"?>
<!-- Generated by org.testng.reporters.JUnitXMLReporter -->
<testsuite hostname="KSAKINAL-L-505" name="Test" tests="5" failures="1" timestamp="3 Apr 2017 11:24:32 GMT" time="102.358" errors="0">
  <testcase name="assertions" time="2.109" classname="sMaps.POC"/>
  <testcase name="menuAssertions" time="9.855" classname="sMaps.POC"/>
  <testcase name="search" time="19.731" classname="sMaps.POC"/>
  <testcase name="verifyPointsOfInterestPass" time="16.526" classname="sMaps.POC">
    <failure type="java.lang.AssertionError" message="Images are Same expected [false] but found [true]">
      <![CDATA[java.lang.AssertionError: Images are Same expected [false] but found [true]
	at sMaps.POC.verifyPointsOfInterestPass(POC.java:259)
... Removed 28 stack frames]]>
    </failure>
  </testcase> <!-- verifyPointsOfInterestPass -->
  <testcase name="verifyPointsOfInterestFail" time="30.697" classname="sMaps.POC"/>
</testsuite> <!-- Test -->
