<?xml version="1.0" encoding="UTF-8"?>
<!-- Generated by org.testng.reporters.JUnitXMLReporter -->
<testsuite hostname="KSAKINAL-L-505" name="Test" tests="5" failures="1" timestamp="3 Apr 2017 12:00:20 GMT" time="101.162" errors="0">
  <testcase name="assertions" time="2.001" classname="sMaps.POC"/>
  <testcase name="menuAssertions" time="10.177" classname="sMaps.POC"/>
  <testcase name="search" time="23.478" classname="sMaps.POC"/>
  <testcase name="verifyPointsOfInterestPass" time="12.287" classname="sMaps.POC">
    <failure type="java.lang.AssertionError" message="Images are Same expected [false] but found [true]">
      <![CDATA[java.lang.AssertionError: Images are Same expected [false] but found [true]
	at sMaps.POC.verifyPointsOfInterestPass(POC.java:259)
... Removed 26 stack frames]]>
    </failure>
  </testcase> <!-- verifyPointsOfInterestPass -->
  <testcase name="verifyPointsOfInterestFail" time="26.127" classname="sMaps.POC"/>
</testsuite> <!-- Test -->
