<?xml version="1.0" encoding="UTF-8"?>
<!-- Generated by org.testng.reporters.JUnitXMLReporter -->
<testsuite hostname="KSAKINAL-L-505" name="Test" tests="5" failures="0" timestamp="4 Apr 2017 08:28:02 GMT" time="101.036" errors="0">
  <testcase name="assertions" time="1.95" classname="sMaps.POC"/>
  <testcase name="menuAssertions" time="4.998" classname="sMaps.POC"/>
  <testcase name="search" time="19.946" classname="sMaps.POC"/>
  <testcase name="verifyPointsOfInterestPass" time="30.208" classname="sMaps.POC"/>
  <testcase name="verifyPointsOfInterestFail" time="21.979" classname="sMaps.POC"/>
</testsuite> <!-- Test -->
