<?xml version="1.0" encoding="UTF-8"?>
<!-- Generated by org.testng.reporters.JUnitXMLReporter -->
<testsuite hostname="KSAKINAL-L-505" name="Test" tests="5" failures="4" timestamp="3 Apr 2017 14:21:59 GMT" time="26.187" errors="0">
  <testcase name="assertions" time="1.564" classname="sMaps.POC"/>
  <testcase name="menuAssertions" time="0.725" classname="sMaps.POC">
    <failure type="org.openqa.selenium.WebDriverException" message="unknown error: Element is not clickable at point (-16, 161)
  (Session info: chrome=57.0.2987.133)
  (Driver info: chromedriver=2.28.455520 (cc17746adff54984afff480136733114c6b3704b),platform=Windows NT 6.1.7601 SP1 x86_64) (WARNING: The server did not provide any stacktrace information)
Command duration or timeout: 376 milliseconds
Build info: version: &amp;apos;unknown&amp;apos;, revision: &amp;apos;5234b32&amp;apos;, time: &amp;apos;2017-03-10 09:00:17 -0800&amp;apos;
System info: host: &amp;apos;KSAKINAL-L-505&amp;apos;, ip: &amp;apos;192.168.0.75&amp;apos;, os.name: &amp;apos;Windows 7&amp;apos;, os.arch: &amp;apos;x86&amp;apos;, os.version: &amp;apos;6.1&amp;apos;, java.version: &amp;apos;1.8.0_121&amp;apos;
Driver info: org.openqa.selenium.firefox.FirefoxDriver
Capabilities [{applicationCacheEnabled=false, rotatable=false, mobileEmulationEnabled=false, networkConnectionEnabled=false, chrome={chromedriverVersion=2.28.455520 (cc17746adff54984afff480136733114c6b3704b), userDataDir=C:\Users\KSAKIN~1.EVO\AppData\Local\Temp\scoped_dir14976_1998}, takesHeapSnapshot=true, pageLoadStrategy=normal, databaseEnabled=false, handlesAlerts=true, hasTouchScreen=false, version=57.0.2987.133, platform=XP, browserConnectionEnabled=false, nativeEvents=true, acceptSslCerts=true, locationContextEnabled=true, webStorageEnabled=true, browserName=chrome, takesScreenshot=true, javascriptEnabled=true, cssSelectorsEnabled=true, unexpectedAlertBehaviour=}]
Session ID: 52670097656898805a53f1e5c9aa6777">
      <![CDATA[org.openqa.selenium.WebDriverException: unknown error: Element is not clickable at point (-16, 161)
  (Session info: chrome=57.0.2987.133)
  (Driver info: chromedriver=2.28.455520 (cc17746adff54984afff480136733114c6b3704b),platform=Windows NT 6.1.7601 SP1 x86_64) (WARNING: The server did not provide any stacktrace information)
Command duration or timeout: 376 milliseconds
Build info: version: 'unknown', revision: '5234b32', time: '2017-03-10 09:00:17 -0800'
System info: host: 'KSAKINAL-L-505', ip: '192.168.0.75', os.name: 'Windows 7', os.arch: 'x86', os.version: '6.1', java.version: '1.8.0_121'
Driver info: org.openqa.selenium.firefox.FirefoxDriver
Capabilities [{applicationCacheEnabled=false, rotatable=false, mobileEmulationEnabled=false, networkConnectionEnabled=false, chrome={chromedriverVersion=2.28.455520 (cc17746adff54984afff480136733114c6b3704b), userDataDir=C:\Users\KSAKIN~1.EVO\AppData\Local\Temp\scoped_dir14976_1998}, takesHeapSnapshot=true, pageLoadStrategy=normal, databaseEnabled=false, handlesAlerts=true, hasTouchScreen=false, version=57.0.2987.133, platform=XP, browserConnectionEnabled=false, nativeEvents=true, acceptSslCerts=true, locationContextEnabled=true, webStorageEnabled=true, browserName=chrome, takesScreenshot=true, javascriptEnabled=true, cssSelectorsEnabled=true, unexpectedAlertBehaviour=}]
Session ID: 52670097656898805a53f1e5c9aa6777
	at org.openqa.selenium.remote.ErrorHandler.createThrowable(ErrorHandler.java:216)
	at org.openqa.selenium.remote.ErrorHandler.throwIfResponseFailed(ErrorHandler.java:168)
	at org.openqa.selenium.remote.RemoteWebDriver.execute(RemoteWebDriver.java:638)
	at org.openqa.selenium.remote.RemoteWebElement.execute(RemoteWebElement.java:274)
	at org.openqa.selenium.remote.RemoteWebElement.click(RemoteWebElement.java:84)
	at sMaps.POC.menuAssertions(POC.java:186)
... Removed 29 stack frames]]>
    </failure>
  </testcase> <!-- menuAssertions -->
  <testcase name="search" time="2.386" classname="sMaps.POC">
    <failure type="org.openqa.selenium.WebDriverException" message="unknown error: Element &amp;lt;a class=&amp;quot;ui-corner-all&amp;quot; tabindex=&amp;quot;-1&amp;quot;&amp;gt;...&amp;lt;/a&amp;gt; is not clickable at point (342, 91). Other element would receive the click: &amp;lt;div id=&amp;quot;cm_bgOverlay&amp;quot; class=&amp;quot;modal-backdrop&amp;quot;&amp;gt;&amp;lt;/div&amp;gt;
  (Session info: chrome=57.0.2987.133)
  (Driver info: chromedriver=2.28.455520 (cc17746adff54984afff480136733114c6b3704b),platform=Windows NT 6.1.7601 SP1 x86_64) (WARNING: The server did not provide any stacktrace information)
Command duration or timeout: 52 milliseconds
Build info: version: &amp;apos;unknown&amp;apos;, revision: &amp;apos;5234b32&amp;apos;, time: &amp;apos;2017-03-10 09:00:17 -0800&amp;apos;
System info: host: &amp;apos;KSAKINAL-L-505&amp;apos;, ip: &amp;apos;192.168.0.75&amp;apos;, os.name: &amp;apos;Windows 7&amp;apos;, os.arch: &amp;apos;x86&amp;apos;, os.version: &amp;apos;6.1&amp;apos;, java.version: &amp;apos;1.8.0_121&amp;apos;
Driver info: org.openqa.selenium.firefox.FirefoxDriver
Capabilities [{applicationCacheEnabled=false, rotatable=false, mobileEmulationEnabled=false, networkConnectionEnabled=false, chrome={chromedriverVersion=2.28.455520 (cc17746adff54984afff480136733114c6b3704b), userDataDir=C:\Users\KSAKIN~1.EVO\AppData\Local\Temp\scoped_dir14976_1998}, takesHeapSnapshot=true, pageLoadStrategy=normal, databaseEnabled=false, handlesAlerts=true, hasTouchScreen=false, version=57.0.2987.133, platform=XP, browserConnectionEnabled=false, nativeEvents=true, acceptSslCerts=true, locationContextEnabled=true, webStorageEnabled=true, browserName=chrome, takesScreenshot=true, javascriptEnabled=true, cssSelectorsEnabled=true, unexpectedAlertBehaviour=}]
Session ID: 52670097656898805a53f1e5c9aa6777">
      <![CDATA[org.openqa.selenium.WebDriverException: unknown error: Element <a class="ui-corner-all" tabindex="-1">...</a> is not clickable at point (342, 91). Other element would receive the click: <div id="cm_bgOverlay" class="modal-backdrop"></div>
  (Session info: chrome=57.0.2987.133)
  (Driver info: chromedriver=2.28.455520 (cc17746adff54984afff480136733114c6b3704b),platform=Windows NT 6.1.7601 SP1 x86_64) (WARNING: The server did not provide any stacktrace information)
Command duration or timeout: 52 milliseconds
Build info: version: 'unknown', revision: '5234b32', time: '2017-03-10 09:00:17 -0800'
System info: host: 'KSAKINAL-L-505', ip: '192.168.0.75', os.name: 'Windows 7', os.arch: 'x86', os.version: '6.1', java.version: '1.8.0_121'
Driver info: org.openqa.selenium.firefox.FirefoxDriver
Capabilities [{applicationCacheEnabled=false, rotatable=false, mobileEmulationEnabled=false, networkConnectionEnabled=false, chrome={chromedriverVersion=2.28.455520 (cc17746adff54984afff480136733114c6b3704b), userDataDir=C:\Users\KSAKIN~1.EVO\AppData\Local\Temp\scoped_dir14976_1998}, takesHeapSnapshot=true, pageLoadStrategy=normal, databaseEnabled=false, handlesAlerts=true, hasTouchScreen=false, version=57.0.2987.133, platform=XP, browserConnectionEnabled=false, nativeEvents=true, acceptSslCerts=true, locationContextEnabled=true, webStorageEnabled=true, browserName=chrome, takesScreenshot=true, javascriptEnabled=true, cssSelectorsEnabled=true, unexpectedAlertBehaviour=}]
Session ID: 52670097656898805a53f1e5c9aa6777
	at org.openqa.selenium.remote.ErrorHandler.createThrowable(ErrorHandler.java:216)
	at org.openqa.selenium.remote.ErrorHandler.throwIfResponseFailed(ErrorHandler.java:168)
	at org.openqa.selenium.remote.RemoteWebDriver.execute(RemoteWebDriver.java:638)
	at org.openqa.selenium.remote.RemoteWebElement.execute(RemoteWebElement.java:274)
	at org.openqa.selenium.remote.RemoteWebElement.click(RemoteWebElement.java:84)
	at sMaps.POC.search(POC.java:206)
... Removed 29 stack frames]]>
    </failure>
  </testcase> <!-- search -->
  <testcase name="verifyPointsOfInterestPass" time="0.032" classname="sMaps.POC">
    <failure type="org.openqa.selenium.WebDriverException" message="unknown error: Element &amp;lt;button type=&amp;quot;button&amp;quot; src=&amp;quot;&amp;quot; id=&amp;quot;openerMain&amp;quot; class=&amp;quot;btn btn-default&amp;quot; data-toggle=&amp;quot;tooltip&amp;quot; data-placement=&amp;quot;bottom&amp;quot; data-trigger=&amp;quot;manual&amp;quot; data-original-title=&amp;quot;Menu&amp;quot; data-intro=&amp;quot;Menu [Click here to see additional points of interest]&amp;quot; data-position=&amp;quot;bottom&amp;quot;&amp;gt;...&amp;lt;/button&amp;gt; is not clickable at point (30, 52). Other element would receive the click: &amp;lt;div id=&amp;quot;cm_bgOverlay&amp;quot; class=&amp;quot;modal-backdrop&amp;quot;&amp;gt;&amp;lt;/div&amp;gt;
  (Session info: chrome=57.0.2987.133)
  (Driver info: chromedriver=2.28.455520 (cc17746adff54984afff480136733114c6b3704b),platform=Windows NT 6.1.7601 SP1 x86_64) (WARNING: The server did not provide any stacktrace information)
Command duration or timeout: 20 milliseconds
Build info: version: &amp;apos;unknown&amp;apos;, revision: &amp;apos;5234b32&amp;apos;, time: &amp;apos;2017-03-10 09:00:17 -0800&amp;apos;
System info: host: &amp;apos;KSAKINAL-L-505&amp;apos;, ip: &amp;apos;192.168.0.75&amp;apos;, os.name: &amp;apos;Windows 7&amp;apos;, os.arch: &amp;apos;x86&amp;apos;, os.version: &amp;apos;6.1&amp;apos;, java.version: &amp;apos;1.8.0_121&amp;apos;
Driver info: org.openqa.selenium.firefox.FirefoxDriver
Capabilities [{applicationCacheEnabled=false, rotatable=false, mobileEmulationEnabled=false, networkConnectionEnabled=false, chrome={chromedriverVersion=2.28.455520 (cc17746adff54984afff480136733114c6b3704b), userDataDir=C:\Users\KSAKIN~1.EVO\AppData\Local\Temp\scoped_dir14976_1998}, takesHeapSnapshot=true, pageLoadStrategy=normal, databaseEnabled=false, handlesAlerts=true, hasTouchScreen=false, version=57.0.2987.133, platform=XP, browserConnectionEnabled=false, nativeEvents=true, acceptSslCerts=true, locationContextEnabled=true, webStorageEnabled=true, browserName=chrome, takesScreenshot=true, javascriptEnabled=true, cssSelectorsEnabled=true, unexpectedAlertBehaviour=}]
Session ID: 52670097656898805a53f1e5c9aa6777">
      <![CDATA[org.openqa.selenium.WebDriverException: unknown error: Element <button type="button" src="" id="openerMain" class="btn btn-default" data-toggle="tooltip" data-placement="bottom" data-trigger="manual" data-original-title="Menu" data-intro="Menu [Click here to see additional points of interest]" data-position="bottom">...</button> is not clickable at point (30, 52). Other element would receive the click: <div id="cm_bgOverlay" class="modal-backdrop"></div>
  (Session info: chrome=57.0.2987.133)
  (Driver info: chromedriver=2.28.455520 (cc17746adff54984afff480136733114c6b3704b),platform=Windows NT 6.1.7601 SP1 x86_64) (WARNING: The server did not provide any stacktrace information)
Command duration or timeout: 20 milliseconds
Build info: version: 'unknown', revision: '5234b32', time: '2017-03-10 09:00:17 -0800'
System info: host: 'KSAKINAL-L-505', ip: '192.168.0.75', os.name: 'Windows 7', os.arch: 'x86', os.version: '6.1', java.version: '1.8.0_121'
Driver info: org.openqa.selenium.firefox.FirefoxDriver
Capabilities [{applicationCacheEnabled=false, rotatable=false, mobileEmulationEnabled=false, networkConnectionEnabled=false, chrome={chromedriverVersion=2.28.455520 (cc17746adff54984afff480136733114c6b3704b), userDataDir=C:\Users\KSAKIN~1.EVO\AppData\Local\Temp\scoped_dir14976_1998}, takesHeapSnapshot=true, pageLoadStrategy=normal, databaseEnabled=false, handlesAlerts=true, hasTouchScreen=false, version=57.0.2987.133, platform=XP, browserConnectionEnabled=false, nativeEvents=true, acceptSslCerts=true, locationContextEnabled=true, webStorageEnabled=true, browserName=chrome, takesScreenshot=true, javascriptEnabled=true, cssSelectorsEnabled=true, unexpectedAlertBehaviour=}]
Session ID: 52670097656898805a53f1e5c9aa6777
	at org.openqa.selenium.remote.ErrorHandler.createThrowable(ErrorHandler.java:216)
	at org.openqa.selenium.remote.ErrorHandler.throwIfResponseFailed(ErrorHandler.java:168)
	at org.openqa.selenium.remote.RemoteWebDriver.execute(RemoteWebDriver.java:638)
	at org.openqa.selenium.remote.RemoteWebElement.execute(RemoteWebElement.java:274)
	at org.openqa.selenium.remote.RemoteWebElement.click(RemoteWebElement.java:84)
	at sMaps.POC.verifyPointsOfInterestPass(POC.java:238)
... Removed 29 stack frames]]>
    </failure>
  </testcase> <!-- verifyPointsOfInterestPass -->
  <testcase name="verifyPointsOfInterestFail" time="0.03" classname="sMaps.POC">
    <failure type="org.openqa.selenium.WebDriverException" message="unknown error: Element &amp;lt;button type=&amp;quot;button&amp;quot; src=&amp;quot;&amp;quot; id=&amp;quot;openerMain&amp;quot; class=&amp;quot;btn btn-default&amp;quot; data-toggle=&amp;quot;tooltip&amp;quot; data-placement=&amp;quot;bottom&amp;quot; data-trigger=&amp;quot;manual&amp;quot; data-original-title=&amp;quot;Menu&amp;quot; data-intro=&amp;quot;Menu [Click here to see additional points of interest]&amp;quot; data-position=&amp;quot;bottom&amp;quot;&amp;gt;...&amp;lt;/button&amp;gt; is not clickable at point (30, 52). Other element would receive the click: &amp;lt;div id=&amp;quot;cm_bgOverlay&amp;quot; class=&amp;quot;modal-backdrop&amp;quot;&amp;gt;&amp;lt;/div&amp;gt;
  (Session info: chrome=57.0.2987.133)
  (Driver info: chromedriver=2.28.455520 (cc17746adff54984afff480136733114c6b3704b),platform=Windows NT 6.1.7601 SP1 x86_64) (WARNING: The server did not provide any stacktrace information)
Command duration or timeout: 20 milliseconds
Build info: version: &amp;apos;unknown&amp;apos;, revision: &amp;apos;5234b32&amp;apos;, time: &amp;apos;2017-03-10 09:00:17 -0800&amp;apos;
System info: host: &amp;apos;KSAKINAL-L-505&amp;apos;, ip: &amp;apos;192.168.0.75&amp;apos;, os.name: &amp;apos;Windows 7&amp;apos;, os.arch: &amp;apos;x86&amp;apos;, os.version: &amp;apos;6.1&amp;apos;, java.version: &amp;apos;1.8.0_121&amp;apos;
Driver info: org.openqa.selenium.firefox.FirefoxDriver
Capabilities [{applicationCacheEnabled=false, rotatable=false, mobileEmulationEnabled=false, networkConnectionEnabled=false, chrome={chromedriverVersion=2.28.455520 (cc17746adff54984afff480136733114c6b3704b), userDataDir=C:\Users\KSAKIN~1.EVO\AppData\Local\Temp\scoped_dir14976_1998}, takesHeapSnapshot=true, pageLoadStrategy=normal, databaseEnabled=false, handlesAlerts=true, hasTouchScreen=false, version=57.0.2987.133, platform=XP, browserConnectionEnabled=false, nativeEvents=true, acceptSslCerts=true, locationContextEnabled=true, webStorageEnabled=true, browserName=chrome, takesScreenshot=true, javascriptEnabled=true, cssSelectorsEnabled=true, unexpectedAlertBehaviour=}]
Session ID: 52670097656898805a53f1e5c9aa6777">
      <![CDATA[org.openqa.selenium.WebDriverException: unknown error: Element <button type="button" src="" id="openerMain" class="btn btn-default" data-toggle="tooltip" data-placement="bottom" data-trigger="manual" data-original-title="Menu" data-intro="Menu [Click here to see additional points of interest]" data-position="bottom">...</button> is not clickable at point (30, 52). Other element would receive the click: <div id="cm_bgOverlay" class="modal-backdrop"></div>
  (Session info: chrome=57.0.2987.133)
  (Driver info: chromedriver=2.28.455520 (cc17746adff54984afff480136733114c6b3704b),platform=Windows NT 6.1.7601 SP1 x86_64) (WARNING: The server did not provide any stacktrace information)
Command duration or timeout: 20 milliseconds
Build info: version: 'unknown', revision: '5234b32', time: '2017-03-10 09:00:17 -0800'
System info: host: 'KSAKINAL-L-505', ip: '192.168.0.75', os.name: 'Windows 7', os.arch: 'x86', os.version: '6.1', java.version: '1.8.0_121'
Driver info: org.openqa.selenium.firefox.FirefoxDriver
Capabilities [{applicationCacheEnabled=false, rotatable=false, mobileEmulationEnabled=false, networkConnectionEnabled=false, chrome={chromedriverVersion=2.28.455520 (cc17746adff54984afff480136733114c6b3704b), userDataDir=C:\Users\KSAKIN~1.EVO\AppData\Local\Temp\scoped_dir14976_1998}, takesHeapSnapshot=true, pageLoadStrategy=normal, databaseEnabled=false, handlesAlerts=true, hasTouchScreen=false, version=57.0.2987.133, platform=XP, browserConnectionEnabled=false, nativeEvents=true, acceptSslCerts=true, locationContextEnabled=true, webStorageEnabled=true, browserName=chrome, takesScreenshot=true, javascriptEnabled=true, cssSelectorsEnabled=true, unexpectedAlertBehaviour=}]
Session ID: 52670097656898805a53f1e5c9aa6777
	at org.openqa.selenium.remote.ErrorHandler.createThrowable(ErrorHandler.java:216)
	at org.openqa.selenium.remote.ErrorHandler.throwIfResponseFailed(ErrorHandler.java:168)
	at org.openqa.selenium.remote.RemoteWebDriver.execute(RemoteWebDriver.java:638)
	at org.openqa.selenium.remote.RemoteWebElement.execute(RemoteWebElement.java:274)
	at org.openqa.selenium.remote.RemoteWebElement.click(RemoteWebElement.java:84)
	at sMaps.POC.verifyPointsOfInterestFail(POC.java:291)
... Removed 29 stack frames]]>
    </failure>
  </testcase> <!-- verifyPointsOfInterestFail -->
</testsuite> <!-- Test -->
