<?xml version="1.0" encoding="UTF-8"?>
<testng-results skipped="0" failed="1" total="5" passed="4">
  <reporter-output>
  </reporter-output>
  <suite name="Suite" duration-ms="102358" started-at="2017-04-03T11:22:49Z" finished-at="2017-04-03T11:24:32Z">
    <groups>
    </groups>
    <test name="Test" duration-ms="102358" started-at="2017-04-03T11:22:49Z" finished-at="2017-04-03T11:24:32Z">
      <class name="sMaps.POC">
        <test-method status="PASS" signature="init()[pri:0, instance:sMaps.POC@3bd550]" name="init" is-config="true" duration-ms="20897" started-at="2017-04-03T16:52:49Z" finished-at="2017-04-03T16:53:10Z">
          <reporter-output>
          </reporter-output>
        </test-method> <!-- init -->
        <test-method status="PASS" signature="assertions()[pri:1, instance:sMaps.POC@3bd550]" name="assertions" duration-ms="2109" started-at="2017-04-03T16:53:10Z" finished-at="2017-04-03T16:53:12Z">
          <reporter-output>
          </reporter-output>
        </test-method> <!-- assertions -->
        <test-method status="PASS" signature="getResult(org.testng.ITestResult)[pri:0, instance:sMaps.POC@3bd550]" name="getResult" is-config="true" duration-ms="9" started-at="2017-04-03T16:53:12Z" finished-at="2017-04-03T16:53:12Z">
          <params>
            <param index="0">
              <value>
                <![CDATA[[TestResult name=assertions status=SUCCESS method=POC.assertions()[pri:1, instance:sMaps.POC@3bd550] output={null}]]]>
              </value>
            </param>
          </params>
          <reporter-output>
          </reporter-output>
        </test-method> <!-- getResult -->
        <test-method status="PASS" signature="menuAssertions()[pri:2, instance:sMaps.POC@3bd550]" name="menuAssertions" duration-ms="9855" started-at="2017-04-03T16:53:12Z" finished-at="2017-04-03T16:53:22Z">
          <reporter-output>
          </reporter-output>
        </test-method> <!-- menuAssertions -->
        <test-method status="PASS" signature="getResult(org.testng.ITestResult)[pri:0, instance:sMaps.POC@3bd550]" name="getResult" is-config="true" duration-ms="0" started-at="2017-04-03T16:53:22Z" finished-at="2017-04-03T16:53:22Z">
          <params>
            <param index="0">
              <value>
                <![CDATA[[TestResult name=menuAssertions status=SUCCESS method=POC.menuAssertions()[pri:2, instance:sMaps.POC@3bd550] output={null}]]]>
              </value>
            </param>
          </params>
          <reporter-output>
          </reporter-output>
        </test-method> <!-- getResult -->
        <test-method status="PASS" signature="search()[pri:3, instance:sMaps.POC@3bd550]" name="search" duration-ms="19731" started-at="2017-04-03T16:53:22Z" finished-at="2017-04-03T16:53:42Z">
          <reporter-output>
          </reporter-output>
        </test-method> <!-- search -->
        <test-method status="PASS" signature="getResult(org.testng.ITestResult)[pri:0, instance:sMaps.POC@3bd550]" name="getResult" is-config="true" duration-ms="1" started-at="2017-04-03T16:53:42Z" finished-at="2017-04-03T16:53:42Z">
          <params>
            <param index="0">
              <value>
                <![CDATA[[TestResult name=search status=SUCCESS method=POC.search()[pri:3, instance:sMaps.POC@3bd550] output={null}]]]>
              </value>
            </param>
          </params>
          <reporter-output>
          </reporter-output>
        </test-method> <!-- getResult -->
        <test-method status="FAIL" signature="verifyPointsOfInterestPass()[pri:4, instance:sMaps.POC@3bd550]" name="verifyPointsOfInterestPass" duration-ms="16526" started-at="2017-04-03T16:53:42Z" finished-at="2017-04-03T16:53:58Z">
          <exception class="java.lang.AssertionError">
            <message>
              <![CDATA[Images are Same expected [false] but found [true]]]>
            </message>
            <full-stacktrace>
              <![CDATA[java.lang.AssertionError: Images are Same expected [false] but found [true]
	at org.testng.Assert.fail(Assert.java:94)
	at org.testng.Assert.failNotEquals(Assert.java:513)
	at org.testng.Assert.assertFalse(Assert.java:63)
	at sMaps.POC.verifyPointsOfInterestPass(POC.java:259)
	at sun.reflect.NativeMethodAccessorImpl.invoke0(Native Method)
	at sun.reflect.NativeMethodAccessorImpl.invoke(Unknown Source)
	at sun.reflect.DelegatingMethodAccessorImpl.invoke(Unknown Source)
	at java.lang.reflect.Method.invoke(Unknown Source)
	at org.testng.internal.MethodInvocationHelper.invokeMethod(MethodInvocationHelper.java:86)
	at org.testng.internal.Invoker.invokeMethod(Invoker.java:646)
	at org.testng.internal.Invoker.invokeTestMethod(Invoker.java:823)
	at org.testng.internal.Invoker.invokeTestMethods(Invoker.java:1131)
	at org.testng.internal.TestMethodWorker.invokeTestMethods(TestMethodWorker.java:129)
	at org.testng.internal.TestMethodWorker.run(TestMethodWorker.java:112)
	at org.testng.TestRunner.privateRun(TestRunner.java:778)
	at org.testng.TestRunner.run(TestRunner.java:632)
	at org.testng.SuiteRunner.runTest(SuiteRunner.java:366)
	at org.testng.SuiteRunner.runSequentially(SuiteRunner.java:361)
	at org.testng.SuiteRunner.privateRun(SuiteRunner.java:319)
	at org.testng.SuiteRunner.run(SuiteRunner.java:268)
	at org.testng.SuiteRunnerWorker.runSuite(SuiteRunnerWorker.java:52)
	at org.testng.SuiteRunnerWorker.run(SuiteRunnerWorker.java:86)
	at org.testng.TestNG.runSuitesSequentially(TestNG.java:1225)
	at org.testng.TestNG.runSuitesLocally(TestNG.java:1150)
	at org.testng.TestNG.runSuites(TestNG.java:1075)
	at org.testng.TestNG.run(TestNG.java:1047)
	at org.testng.remote.AbstractRemoteTestNG.run(AbstractRemoteTestNG.java:126)
	at org.testng.remote.RemoteTestNG.initAndRun(RemoteTestNG.java:137)
	at org.testng.remote.RemoteTestNG.main(RemoteTestNG.java:58)
]]>
            </full-stacktrace>
          </exception> <!-- java.lang.AssertionError -->
          <reporter-output>
          </reporter-output>
        </test-method> <!-- verifyPointsOfInterestPass -->
        <test-method status="PASS" signature="getResult(org.testng.ITestResult)[pri:0, instance:sMaps.POC@3bd550]" name="getResult" is-config="true" duration-ms="5" started-at="2017-04-03T16:53:58Z" finished-at="2017-04-03T16:53:58Z">
          <params>
            <param index="0">
              <value>
                <![CDATA[[TestResult name=verifyPointsOfInterestPass status=FAILURE method=POC.verifyPointsOfInterestPass()[pri:4, instance:sMaps.POC@3bd550] output={null}]]]>
              </value>
            </param>
          </params>
          <reporter-output>
          </reporter-output>
        </test-method> <!-- getResult -->
        <test-method status="PASS" signature="verifyPointsOfInterestFail()[pri:5, instance:sMaps.POC@3bd550]" name="verifyPointsOfInterestFail" duration-ms="30697" started-at="2017-04-03T16:53:58Z" finished-at="2017-04-03T16:54:29Z">
          <reporter-output>
          </reporter-output>
        </test-method> <!-- verifyPointsOfInterestFail -->
        <test-method status="PASS" signature="tearDown()[pri:0, instance:sMaps.POC@3bd550]" name="tearDown" is-config="true" duration-ms="2492" started-at="2017-04-03T16:54:29Z" finished-at="2017-04-03T16:54:32Z">
          <reporter-output>
          </reporter-output>
        </test-method> <!-- tearDown -->
        <test-method status="PASS" signature="getResult(org.testng.ITestResult)[pri:0, instance:sMaps.POC@3bd550]" name="getResult" is-config="true" duration-ms="0" started-at="2017-04-03T16:54:29Z" finished-at="2017-04-03T16:54:29Z">
          <params>
            <param index="0">
              <value>
                <![CDATA[[TestResult name=verifyPointsOfInterestFail status=SUCCESS method=POC.verifyPointsOfInterestFail()[pri:5, instance:sMaps.POC@3bd550] output={null}]]]>
              </value>
            </param>
          </params>
          <reporter-output>
          </reporter-output>
        </test-method> <!-- getResult -->
      </class> <!-- sMaps.POC -->
    </test> <!-- Test -->
  </suite> <!-- Suite -->
</testng-results>
