<?xml version="1.0" encoding="UTF-8"?>
<testng-results skipped="0" failed="1" total="5" passed="4">
  <reporter-output>
  </reporter-output>
  <suite name="Suite" duration-ms="101162" started-at="2017-04-03T11:58:39Z" finished-at="2017-04-03T12:00:20Z">
    <groups>
    </groups>
    <test name="Test" duration-ms="101162" started-at="2017-04-03T11:58:39Z" finished-at="2017-04-03T12:00:20Z">
      <class name="sMaps.POC">
        <test-method status="PASS" signature="init()[pri:0, instance:sMaps.POC@c0663d]" name="init" is-config="true" duration-ms="22812" started-at="2017-04-03T17:28:39Z" finished-at="2017-04-03T17:29:02Z">
          <reporter-output>
          </reporter-output>
        </test-method> <!-- init -->
        <test-method status="PASS" signature="assertions()[pri:0, instance:sMaps.POC@c0663d]" name="assertions" duration-ms="2001" started-at="2017-04-03T17:29:02Z" finished-at="2017-04-03T17:29:04Z">
          <reporter-output>
          </reporter-output>
        </test-method> <!-- assertions -->
        <test-method status="PASS" signature="getResult(org.testng.ITestResult)[pri:0, instance:sMaps.POC@c0663d]" name="getResult" is-config="true" duration-ms="10" started-at="2017-04-03T17:29:04Z" finished-at="2017-04-03T17:29:04Z">
          <params>
            <param index="0">
              <value>
                <![CDATA[[TestResult name=assertions status=SUCCESS method=POC.assertions()[pri:0, instance:sMaps.POC@c0663d] output={null}]]]>
              </value>
            </param>
          </params>
          <reporter-output>
          </reporter-output>
        </test-method> <!-- getResult -->
        <test-method status="PASS" signature="menuAssertions()[pri:0, instance:sMaps.POC@c0663d]" name="menuAssertions" duration-ms="10177" started-at="2017-04-03T17:29:04Z" finished-at="2017-04-03T17:29:14Z">
          <reporter-output>
          </reporter-output>
        </test-method> <!-- menuAssertions -->
        <test-method status="PASS" signature="search()[pri:0, instance:sMaps.POC@c0663d]" name="search" duration-ms="23478" started-at="2017-04-03T17:29:14Z" finished-at="2017-04-03T17:29:37Z">
          <reporter-output>
          </reporter-output>
        </test-method> <!-- search -->
        <test-method status="PASS" signature="getResult(org.testng.ITestResult)[pri:0, instance:sMaps.POC@c0663d]" name="getResult" is-config="true" duration-ms="0" started-at="2017-04-03T17:29:14Z" finished-at="2017-04-03T17:29:14Z">
          <params>
            <param index="0">
              <value>
                <![CDATA[[TestResult name=menuAssertions status=SUCCESS method=POC.menuAssertions()[pri:0, instance:sMaps.POC@c0663d] output={null}]]]>
              </value>
            </param>
          </params>
          <reporter-output>
          </reporter-output>
        </test-method> <!-- getResult -->
        <test-method status="PASS" signature="getResult(org.testng.ITestResult)[pri:0, instance:sMaps.POC@c0663d]" name="getResult" is-config="true" duration-ms="1" started-at="2017-04-03T17:29:37Z" finished-at="2017-04-03T17:29:37Z">
          <params>
            <param index="0">
              <value>
                <![CDATA[[TestResult name=search status=SUCCESS method=POC.search()[pri:0, instance:sMaps.POC@c0663d] output={null}]]]>
              </value>
            </param>
          </params>
          <reporter-output>
          </reporter-output>
        </test-method> <!-- getResult -->
        <test-method status="FAIL" signature="verifyPointsOfInterestPass()[pri:0, instance:sMaps.POC@c0663d]" name="verifyPointsOfInterestPass" duration-ms="12287" started-at="2017-04-03T17:29:37Z" finished-at="2017-04-03T17:29:50Z">
          <exception class="java.lang.AssertionError">
            <message>
              <![CDATA[Images are Same expected [false] but found [true]]]>
            </message>
            <full-stacktrace>
              <![CDATA[java.lang.AssertionError: Images are Same expected [false] but found [true]
	at org.testng.Assert.fail(Assert.java:94)
	at org.testng.Assert.failNotEquals(Assert.java:494)
	at org.testng.Assert.assertFalse(Assert.java:63)
	at sMaps.POC.verifyPointsOfInterestPass(POC.java:259)
	at sun.reflect.NativeMethodAccessorImpl.invoke0(Native Method)
	at sun.reflect.NativeMethodAccessorImpl.invoke(Unknown Source)
	at sun.reflect.DelegatingMethodAccessorImpl.invoke(Unknown Source)
	at java.lang.reflect.Method.invoke(Unknown Source)
	at org.testng.internal.MethodInvocationHelper.invokeMethod(MethodInvocationHelper.java:84)
	at org.testng.internal.Invoker.invokeMethod(Invoker.java:714)
	at org.testng.internal.Invoker.invokeTestMethod(Invoker.java:901)
	at org.testng.internal.Invoker.invokeTestMethods(Invoker.java:1231)
	at org.testng.internal.TestMethodWorker.invokeTestMethods(TestMethodWorker.java:127)
	at org.testng.internal.TestMethodWorker.run(TestMethodWorker.java:111)
	at org.testng.TestRunner.privateRun(TestRunner.java:767)
	at org.testng.TestRunner.run(TestRunner.java:617)
	at org.testng.SuiteRunner.runTest(SuiteRunner.java:334)
	at org.testng.SuiteRunner.runSequentially(SuiteRunner.java:329)
	at org.testng.SuiteRunner.privateRun(SuiteRunner.java:291)
	at org.testng.SuiteRunner.run(SuiteRunner.java:240)
	at org.testng.SuiteRunnerWorker.runSuite(SuiteRunnerWorker.java:52)
	at org.testng.SuiteRunnerWorker.run(SuiteRunnerWorker.java:86)
	at org.testng.TestNG.runSuitesSequentially(TestNG.java:1224)
	at org.testng.TestNG.runSuitesLocally(TestNG.java:1149)
	at org.testng.TestNG.run(TestNG.java:1057)
	at org.testng.TestNG.privateMain(TestNG.java:1364)
	at org.testng.TestNG.main(TestNG.java:1333)
]]>
            </full-stacktrace>
          </exception> <!-- java.lang.AssertionError -->
          <reporter-output>
          </reporter-output>
        </test-method> <!-- verifyPointsOfInterestPass -->
        <test-method status="PASS" signature="getResult(org.testng.ITestResult)[pri:0, instance:sMaps.POC@c0663d]" name="getResult" is-config="true" duration-ms="36" started-at="2017-04-03T17:29:50Z" finished-at="2017-04-03T17:29:50Z">
          <params>
            <param index="0">
              <value>
                <![CDATA[[TestResult name=verifyPointsOfInterestPass status=FAILURE method=POC.verifyPointsOfInterestPass()[pri:0, instance:sMaps.POC@c0663d] output={null}]]]>
              </value>
            </param>
          </params>
          <reporter-output>
          </reporter-output>
        </test-method> <!-- getResult -->
        <test-method status="PASS" signature="verifyPointsOfInterestFail()[pri:0, instance:sMaps.POC@c0663d]" name="verifyPointsOfInterestFail" duration-ms="26127" started-at="2017-04-03T17:29:50Z" finished-at="2017-04-03T17:30:16Z">
          <reporter-output>
          </reporter-output>
        </test-method> <!-- verifyPointsOfInterestFail -->
        <test-method status="PASS" signature="getResult(org.testng.ITestResult)[pri:0, instance:sMaps.POC@c0663d]" name="getResult" is-config="true" duration-ms="1" started-at="2017-04-03T17:30:16Z" finished-at="2017-04-03T17:30:16Z">
          <params>
            <param index="0">
              <value>
                <![CDATA[[TestResult name=verifyPointsOfInterestFail status=SUCCESS method=POC.verifyPointsOfInterestFail()[pri:0, instance:sMaps.POC@c0663d] output={null}]]]>
              </value>
            </param>
          </params>
          <reporter-output>
          </reporter-output>
        </test-method> <!-- getResult -->
        <test-method status="PASS" signature="tearDown()[pri:0, instance:sMaps.POC@c0663d]" name="tearDown" is-config="true" duration-ms="4218" started-at="2017-04-03T17:30:16Z" finished-at="2017-04-03T17:30:20Z">
          <reporter-output>
          </reporter-output>
        </test-method> <!-- tearDown -->
      </class> <!-- sMaps.POC -->
    </test> <!-- Test -->
  </suite> <!-- Suite -->
</testng-results>
