<?xml version="1.0" encoding="UTF-8"?>
<testng-results skipped="0" failed="0" total="5" passed="5">
  <reporter-output>
  </reporter-output>
  <suite name="Suite" duration-ms="101036" started-at="2017-04-04T08:26:21Z" finished-at="2017-04-04T08:28:02Z">
    <groups>
    </groups>
    <test name="Test" duration-ms="101036" started-at="2017-04-04T08:26:21Z" finished-at="2017-04-04T08:28:02Z">
      <class name="sMaps.POC">
        <test-method status="PASS" signature="init()[pri:0, instance:sMaps.POC@3bd550]" name="init" is-config="true" duration-ms="20367" started-at="2017-04-04T13:56:21Z" finished-at="2017-04-04T13:56:42Z">
          <reporter-output>
          </reporter-output>
        </test-method> <!-- init -->
        <test-method status="PASS" signature="assertions()[pri:1, instance:sMaps.POC@3bd550]" name="assertions" duration-ms="1950" started-at="2017-04-04T13:56:42Z" finished-at="2017-04-04T13:56:43Z">
          <reporter-output>
          </reporter-output>
        </test-method> <!-- assertions -->
        <test-method status="PASS" signature="getResult(org.testng.ITestResult)[pri:0, instance:sMaps.POC@3bd550]" name="getResult" is-config="true" duration-ms="12" started-at="2017-04-04T13:56:43Z" finished-at="2017-04-04T13:56:43Z">
          <params>
            <param index="0">
              <value>
                <![CDATA[[TestResult name=assertions status=SUCCESS method=POC.assertions()[pri:1, instance:sMaps.POC@3bd550] output={null}]]]>
              </value>
            </param>
          </params>
          <reporter-output>
          </reporter-output>
        </test-method> <!-- getResult -->
        <test-method status="PASS" signature="menuAssertions()[pri:2, instance:sMaps.POC@3bd550]" name="menuAssertions" duration-ms="4998" started-at="2017-04-04T13:56:43Z" finished-at="2017-04-04T13:56:48Z">
          <reporter-output>
          </reporter-output>
        </test-method> <!-- menuAssertions -->
        <test-method status="PASS" signature="getResult(org.testng.ITestResult)[pri:0, instance:sMaps.POC@3bd550]" name="getResult" is-config="true" duration-ms="1" started-at="2017-04-04T13:56:48Z" finished-at="2017-04-04T13:56:48Z">
          <params>
            <param index="0">
              <value>
                <![CDATA[[TestResult name=menuAssertions status=SUCCESS method=POC.menuAssertions()[pri:2, instance:sMaps.POC@3bd550] output={null}]]]>
              </value>
            </param>
          </params>
          <reporter-output>
          </reporter-output>
        </test-method> <!-- getResult -->
        <test-method status="PASS" signature="search()[pri:3, instance:sMaps.POC@3bd550]" name="search" duration-ms="19946" started-at="2017-04-04T13:56:48Z" finished-at="2017-04-04T13:57:08Z">
          <reporter-output>
          </reporter-output>
        </test-method> <!-- search -->
        <test-method status="PASS" signature="getResult(org.testng.ITestResult)[pri:0, instance:sMaps.POC@3bd550]" name="getResult" is-config="true" duration-ms="0" started-at="2017-04-04T13:57:08Z" finished-at="2017-04-04T13:57:08Z">
          <params>
            <param index="0">
              <value>
                <![CDATA[[TestResult name=search status=SUCCESS method=POC.search()[pri:3, instance:sMaps.POC@3bd550] output={null}]]]>
              </value>
            </param>
          </params>
          <reporter-output>
          </reporter-output>
        </test-method> <!-- getResult -->
        <test-method status="PASS" signature="verifyPointsOfInterestPass()[pri:4, instance:sMaps.POC@3bd550]" name="verifyPointsOfInterestPass" duration-ms="30208" started-at="2017-04-04T13:57:08Z" finished-at="2017-04-04T13:57:39Z">
          <reporter-output>
          </reporter-output>
        </test-method> <!-- verifyPointsOfInterestPass -->
        <test-method status="PASS" signature="getResult(org.testng.ITestResult)[pri:0, instance:sMaps.POC@3bd550]" name="getResult" is-config="true" duration-ms="0" started-at="2017-04-04T13:57:39Z" finished-at="2017-04-04T13:57:39Z">
          <params>
            <param index="0">
              <value>
                <![CDATA[[TestResult name=verifyPointsOfInterestPass status=SUCCESS method=POC.verifyPointsOfInterestPass()[pri:4, instance:sMaps.POC@3bd550] output={null}]]]>
              </value>
            </param>
          </params>
          <reporter-output>
          </reporter-output>
        </test-method> <!-- getResult -->
        <test-method status="PASS" signature="verifyPointsOfInterestFail()[pri:5, instance:sMaps.POC@3bd550]" name="verifyPointsOfInterestFail" duration-ms="21979" started-at="2017-04-04T13:57:39Z" finished-at="2017-04-04T13:58:01Z">
          <reporter-output>
          </reporter-output>
        </test-method> <!-- verifyPointsOfInterestFail -->
        <test-method status="PASS" signature="getResult(org.testng.ITestResult)[pri:0, instance:sMaps.POC@3bd550]" name="getResult" is-config="true" duration-ms="0" started-at="2017-04-04T13:58:01Z" finished-at="2017-04-04T13:58:01Z">
          <params>
            <param index="0">
              <value>
                <![CDATA[[TestResult name=verifyPointsOfInterestFail status=SUCCESS method=POC.verifyPointsOfInterestFail()[pri:5, instance:sMaps.POC@3bd550] output={null}]]]>
              </value>
            </param>
          </params>
          <reporter-output>
          </reporter-output>
        </test-method> <!-- getResult -->
        <test-method status="PASS" signature="tearDown()[pri:0, instance:sMaps.POC@3bd550]" name="tearDown" is-config="true" duration-ms="1546" started-at="2017-04-04T13:58:01Z" finished-at="2017-04-04T13:58:02Z">
          <reporter-output>
          </reporter-output>
        </test-method> <!-- tearDown -->
      </class> <!-- sMaps.POC -->
    </test> <!-- Test -->
  </suite> <!-- Suite -->
</testng-results>
